ARM GAS  /var/folders/s6/4bph2j8d1nvcsgz5bgm0yhx00000gn/T//cc6Pnw29.s 			page 1


   1              		.syntax unified
   2              		.cpu cortex-m3
   3              		.fpu softvfp
   4              		.eabi_attribute 20, 1
   5              		.eabi_attribute 21, 1
   6              		.eabi_attribute 23, 3
   7              		.eabi_attribute 24, 1
   8              		.eabi_attribute 25, 1
   9              		.eabi_attribute 26, 1
  10              		.eabi_attribute 30, 4
  11              		.eabi_attribute 34, 1
  12              		.eabi_attribute 18, 4
  13              		.thumb
  14              		.file	"bluetooth_le.c"
  15              		.text
  16              	.Ltext0:
  17              		.cfi_sections	.debug_frame
  18              		.section	.text.btle_channel_index,"ax",%progbits
  19              		.align	1
  20              		.global	btle_channel_index
  21              		.thumb
  22              		.thumb_func
  24              	btle_channel_index:
  25              	.LFB1:
  26              		.file 1 "bluetooth_le.c"
   1:bluetooth_le.c **** /*
   2:bluetooth_le.c ****  * Copyright 2012 Dominic Spill
   3:bluetooth_le.c ****  *
   4:bluetooth_le.c ****  * This file is part of Project Ubertooth.
   5:bluetooth_le.c ****  *
   6:bluetooth_le.c ****  * This program is free software; you can redistribute it and/or modify
   7:bluetooth_le.c ****  * it under the terms of the GNU General Public License as published by
   8:bluetooth_le.c ****  * the Free Software Foundation; either version 2, or (at your option)
   9:bluetooth_le.c ****  * any later version.
  10:bluetooth_le.c ****  *
  11:bluetooth_le.c ****  * This program is distributed in the hope that it will be useful,
  12:bluetooth_le.c ****  * but WITHOUT ANY WARRANTY; without even the implied warranty of
  13:bluetooth_le.c ****  * MERCHANTABILITY or FITNESS FOR A PARTICULAR PURPOSE.  See the
  14:bluetooth_le.c ****  * GNU General Public License for more details.
  15:bluetooth_le.c ****  *
  16:bluetooth_le.c ****  * You should have received a copy of the GNU General Public License
  17:bluetooth_le.c ****  * along with this program; see the file COPYING.  If not, write to
  18:bluetooth_le.c ****  * the Free Software Foundation, Inc., 51 Franklin Street,
  19:bluetooth_le.c ****  * Boston, MA 02110-1301, USA.
  20:bluetooth_le.c ****  */
  21:bluetooth_le.c **** 
  22:bluetooth_le.c **** #include "bluetooth_le.h"
  23:bluetooth_le.c **** 
  24:bluetooth_le.c **** extern u8 le_channel_idx;
  25:bluetooth_le.c **** extern u8 le_hop_amount;
  26:bluetooth_le.c **** 
  27:bluetooth_le.c **** u16 btle_next_hop(le_state_t *le)
  28:bluetooth_le.c **** {
  29:bluetooth_le.c **** 	u16 phys = btle_channel_index_to_phys(le->channel_idx);
  30:bluetooth_le.c **** 	le->channel_idx = (le->channel_idx + le->channel_increment) % 37;
  31:bluetooth_le.c **** 	return phys;
  32:bluetooth_le.c **** }
ARM GAS  /var/folders/s6/4bph2j8d1nvcsgz5bgm0yhx00000gn/T//cc6Pnw29.s 			page 2


  33:bluetooth_le.c **** 
  34:bluetooth_le.c **** u8 btle_channel_index(u8 channel) {
  27              		.loc 1 34 0
  28              		.cfi_startproc
  29              		@ args = 0, pretend = 0, frame = 0
  30              		@ frame_needed = 0, uses_anonymous_args = 0
  31              		@ link register save eliminated.
  32              	.LVL0:
  33              	.LVL1:
  35:bluetooth_le.c **** 	u8 idx;
  36:bluetooth_le.c **** 	channel /= 2;
  37:bluetooth_le.c **** 	if (channel == 0)
  34              		.loc 1 37 0
  35 0000 4008     		lsrs	r0, r0, #1
  36              	.LVL2:
  37 0002 0AD0     		beq	.L4
  38:bluetooth_le.c **** 		idx = 37;
  39:bluetooth_le.c **** 	else if (channel < 12)
  38              		.loc 1 39 0
  39 0004 0B28     		cmp	r0, #11
  40 0006 01D8     		bhi	.L3
  40:bluetooth_le.c **** 		idx = channel - 1;
  41              		.loc 1 40 0
  42 0008 0138     		subs	r0, r0, #1
  43 000a 04E0     		b	.L7
  44              	.L3:
  41:bluetooth_le.c **** 	else if (channel == 12)
  45              		.loc 1 41 0
  46 000c 0C28     		cmp	r0, #12
  47 000e 06D0     		beq	.L5
  42:bluetooth_le.c **** 		idx = 38;
  43:bluetooth_le.c **** 	else if (channel < 39)
  48              		.loc 1 43 0
  49 0010 2628     		cmp	r0, #38
  50 0012 06D8     		bhi	.L6
  44:bluetooth_le.c **** 		idx = channel - 2;
  51              		.loc 1 44 0
  52 0014 0238     		subs	r0, r0, #2
  53              	.L7:
  54 0016 C0B2     		uxtb	r0, r0
  55              	.LVL3:
  56 0018 7047     		bx	lr
  57              	.LVL4:
  58              	.L4:
  38:bluetooth_le.c **** 	else if (channel < 12)
  59              		.loc 1 38 0
  60 001a 2520     		movs	r0, #37
  61 001c 7047     		bx	lr
  62              	.L5:
  42:bluetooth_le.c **** 		idx = 38;
  63              		.loc 1 42 0
  64 001e 2620     		movs	r0, #38
  65 0020 7047     		bx	lr
  66              	.L6:
  45:bluetooth_le.c **** 	else
  46:bluetooth_le.c **** 		idx = 39;
  67              		.loc 1 46 0
ARM GAS  /var/folders/s6/4bph2j8d1nvcsgz5bgm0yhx00000gn/T//cc6Pnw29.s 			page 3


  68 0022 2720     		movs	r0, #39
  69              	.LVL5:
  47:bluetooth_le.c **** 	return idx;
  48:bluetooth_le.c **** }
  70              		.loc 1 48 0
  71 0024 7047     		bx	lr
  72              		.cfi_endproc
  73              	.LFE1:
  75              		.section	.text.btle_channel_index_to_phys,"ax",%progbits
  76              		.align	1
  77              		.global	btle_channel_index_to_phys
  78              		.thumb
  79              		.thumb_func
  81              	btle_channel_index_to_phys:
  82              	.LFB2:
  49:bluetooth_le.c **** 
  50:bluetooth_le.c **** u16 btle_channel_index_to_phys(u8 idx) {
  83              		.loc 1 50 0
  84              		.cfi_startproc
  85              		@ args = 0, pretend = 0, frame = 0
  86              		@ frame_needed = 0, uses_anonymous_args = 0
  87              		@ link register save eliminated.
  88              	.LVL6:
  51:bluetooth_le.c **** 	u16 phys;
  52:bluetooth_le.c **** 	if (idx < 11)
  89              		.loc 1 52 0
  90 0000 0A28     		cmp	r0, #10
  91 0002 03D8     		bhi	.L10
  53:bluetooth_le.c **** 		phys = 2404 + 2 * idx;
  92              		.loc 1 53 0
  93 0004 4000     		lsls	r0, r0, #1
  94              	.LVL7:
  95 0006 00F66410 		addw	r0, r0, #2404
  96              	.LVL8:
  97 000a 7047     		bx	lr
  98              	.LVL9:
  99              	.L10:
  54:bluetooth_le.c **** 	else if (idx < 37)
 100              		.loc 1 54 0
 101 000c 2428     		cmp	r0, #36
 102 000e 03D8     		bhi	.L12
  55:bluetooth_le.c **** 		phys = 2428 + 2 * (idx - 11);
 103              		.loc 1 55 0
 104 0010 4000     		lsls	r0, r0, #1
 105              	.LVL10:
 106 0012 00F66610 		addw	r0, r0, #2406
 107              	.LVL11:
 108 0016 7047     		bx	lr
 109              	.LVL12:
 110              	.L12:
 111              	.LBB4:
 112              	.LBB5:
  56:bluetooth_le.c **** 	else if (idx == 37)
 113              		.loc 1 56 0
 114 0018 2528     		cmp	r0, #37
 115 001a 06D0     		beq	.L13
  57:bluetooth_le.c **** 		phys = 2402;
ARM GAS  /var/folders/s6/4bph2j8d1nvcsgz5bgm0yhx00000gn/T//cc6Pnw29.s 			page 4


  58:bluetooth_le.c **** 	else if (idx == 38)
 116              		.loc 1 58 0
 117 001c 2628     		cmp	r0, #38
  59:bluetooth_le.c **** 		phys = 2426;
  60:bluetooth_le.c **** 	else
  61:bluetooth_le.c **** 		phys = 2480;
 118              		.loc 1 61 0
 119 001e 40F67A10 		movw	r0, #2426
 120              	.LVL13:
 121 0022 18BF     		it	ne
 122 0024 4FF41B60 		movne	r0, #2480
 123 0028 7047     		bx	lr
 124              	.LVL14:
 125              	.L13:
  57:bluetooth_le.c **** 		phys = 2402;
 126              		.loc 1 57 0
 127 002a 40F66210 		movw	r0, #2402
 128              	.LVL15:
 129              	.LBE5:
 130              	.LBE4:
  62:bluetooth_le.c **** 	return phys;
  63:bluetooth_le.c **** }
 131              		.loc 1 63 0
 132 002e 7047     		bx	lr
 133              		.cfi_endproc
 134              	.LFE2:
 136              		.section	.text.btle_next_hop,"ax",%progbits
 137              		.align	1
 138              		.global	btle_next_hop
 139              		.thumb
 140              		.thumb_func
 142              	btle_next_hop:
 143              	.LFB0:
  28:bluetooth_le.c **** 	u16 phys = btle_channel_index_to_phys(le->channel_idx);
 144              		.loc 1 28 0
 145              		.cfi_startproc
 146              		@ args = 0, pretend = 0, frame = 0
 147              		@ frame_needed = 0, uses_anonymous_args = 0
 148              	.LVL16:
 149 0000 38B5     		push	{r3, r4, r5, lr}
 150              		.cfi_def_cfa_offset 16
 151              		.cfi_offset 3, -16
 152              		.cfi_offset 4, -12
 153              		.cfi_offset 5, -8
 154              		.cfi_offset 14, -4
  28:bluetooth_le.c **** 	u16 phys = btle_channel_index_to_phys(le->channel_idx);
 155              		.loc 1 28 0
 156 0002 0446     		mov	r4, r0
  29:bluetooth_le.c **** 	le->channel_idx = (le->channel_idx + le->channel_increment) % 37;
 157              		.loc 1 29 0
 158 0004 457D     		ldrb	r5, [r0, #21]	@ zero_extendqisi2
 159 0006 2846     		mov	r0, r5
 160              	.LVL17:
 161 0008 FFF7FEFF 		bl	btle_channel_index_to_phys
 162              	.LVL18:
  30:bluetooth_le.c **** 	return phys;
 163              		.loc 1 30 0
ARM GAS  /var/folders/s6/4bph2j8d1nvcsgz5bgm0yhx00000gn/T//cc6Pnw29.s 			page 5


 164 000c A37D     		ldrb	r3, [r4, #22]	@ zero_extendqisi2
 165 000e 2521     		movs	r1, #37
 166 0010 2B44     		add	r3, r3, r5
 167 0012 93FBF1F2 		sdiv	r2, r3, r1
 168 0016 01FB1233 		mls	r3, r1, r2, r3
 169 001a 6375     		strb	r3, [r4, #21]
  32:bluetooth_le.c **** 
 170              		.loc 1 32 0
 171 001c 38BD     		pop	{r3, r4, r5, pc}
 172              		.cfi_endproc
 173              	.LFE0:
 175              		.section	.text.btle_calc_crc,"ax",%progbits
 176              		.align	1
 177              		.global	btle_calc_crc
 178              		.thumb
 179              		.thumb_func
 181              	btle_calc_crc:
 182              	.LFB3:
  64:bluetooth_le.c **** 
  65:bluetooth_le.c **** // calculate CRC
  66:bluetooth_le.c **** //	note 1: crc_init's bits should be in reverse order
  67:bluetooth_le.c **** //	note 2: output bytes are in reverse order compared to wire
  68:bluetooth_le.c **** //
  69:bluetooth_le.c **** //		example output:
  70:bluetooth_le.c **** //			0x6ff46e
  71:bluetooth_le.c **** //
  72:bluetooth_le.c **** //		bytes in packet will be:
  73:bluetooth_le.c **** //		  { 0x6e, 0xf4, 0x6f }
  74:bluetooth_le.c **** //
  75:bluetooth_le.c **** u32 btle_calc_crc(u32 crc_init, u8 *data, int len) {
 183              		.loc 1 75 0
 184              		.cfi_startproc
 185              		@ args = 0, pretend = 0, frame = 0
 186              		@ frame_needed = 0, uses_anonymous_args = 0
 187              	.LVL19:
 188 0000 70B5     		push	{r4, r5, r6, lr}
 189              		.cfi_def_cfa_offset 16
 190              		.cfi_offset 4, -16
 191              		.cfi_offset 5, -12
 192              		.cfi_offset 6, -8
 193              		.cfi_offset 14, -4
  76:bluetooth_le.c **** 	u32 state = crc_init & 0xffffff;
  77:bluetooth_le.c **** 	u32 lfsr_mask = 0x5a6000; // 010110100110000000000000
  78:bluetooth_le.c **** 	int i, j;
  79:bluetooth_le.c **** 
  80:bluetooth_le.c **** 	for (i = 0; i < len; ++i) {
 194              		.loc 1 80 0
 195 0002 0B46     		mov	r3, r1
  76:bluetooth_le.c **** 	u32 state = crc_init & 0xffffff;
 196              		.loc 1 76 0
 197 0004 20F07F40 		bic	r0, r0, #-16777216
 198              	.LVL20:
 199              	.L17:
 200 0008 5C1A     		subs	r4, r3, r1
 201              		.loc 1 80 0 discriminator 1
 202 000a 9442     		cmp	r4, r2
 203 000c 14DA     		bge	.L25
ARM GAS  /var/folders/s6/4bph2j8d1nvcsgz5bgm0yhx00000gn/T//cc6Pnw29.s 			page 6


 204              	.LBB6:
  81:bluetooth_le.c **** 		u8 cur = data[i];
 205              		.loc 1 81 0
 206 000e 13F8015B 		ldrb	r5, [r3], #1	@ zero_extendqisi2
 207              	.LVL21:
 208 0012 0824     		movs	r4, #8
 209              	.LVL22:
 210              	.L19:
 211              	.LBB7:
  82:bluetooth_le.c **** 		for (j = 0; j < 8; ++j) {
  83:bluetooth_le.c **** 			int next_bit = (state ^ cur) & 1;
 212              		.loc 1 83 0
 213 0014 85EA0006 		eor	r6, r5, r0
  84:bluetooth_le.c **** 			cur >>= 1;
  85:bluetooth_le.c **** 			state >>= 1;
  86:bluetooth_le.c **** 			if (next_bit) {
 214              		.loc 1 86 0
 215 0018 16F0010F 		tst	r6, #1
 216 001c 4FEA5000 		lsr	r0, r0, #1
 217              	.LVL23:
  87:bluetooth_le.c **** 				state |= 1 << 23;
 218              		.loc 1 87 0
 219 0020 1EBF     		ittt	ne
 220 0022 40F40000 		orrne	r0, r0, #8388608
 221              	.LVL24:
  88:bluetooth_le.c **** 				state ^= lfsr_mask;
 222              		.loc 1 88 0
 223 0026 80F4B400 		eorne	r0, r0, #5898240
 224              	.LVL25:
 225 002a 80F4C040 		eorne	r0, r0, #24576
 226              	.LVL26:
 227              	.LBE7:
  82:bluetooth_le.c **** 			int next_bit = (state ^ cur) & 1;
 228              		.loc 1 82 0
 229 002e 013C     		subs	r4, r4, #1
 230              	.LVL27:
 231              	.LBB8:
  86:bluetooth_le.c **** 				state |= 1 << 23;
 232              		.loc 1 86 0
 233 0030 4FEA5505 		lsr	r5, r5, #1
 234              	.LVL28:
 235              	.LBE8:
  82:bluetooth_le.c **** 			int next_bit = (state ^ cur) & 1;
 236              		.loc 1 82 0
 237 0034 EED1     		bne	.L19
 238 0036 E7E7     		b	.L17
 239              	.LVL29:
 240              	.L25:
 241              	.LBE6:
  89:bluetooth_le.c **** 			}
  90:bluetooth_le.c **** 		}
  91:bluetooth_le.c **** 	}
  92:bluetooth_le.c **** 
  93:bluetooth_le.c **** 	return state;
  94:bluetooth_le.c **** }
 242              		.loc 1 94 0
 243 0038 70BD     		pop	{r4, r5, r6, pc}
ARM GAS  /var/folders/s6/4bph2j8d1nvcsgz5bgm0yhx00000gn/T//cc6Pnw29.s 			page 7


 244              		.cfi_endproc
 245              	.LFE3:
 247              		.section	.text.btle_reverse_crc,"ax",%progbits
 248              		.align	1
 249              		.global	btle_reverse_crc
 250              		.thumb
 251              		.thumb_func
 253              	btle_reverse_crc:
 254              	.LFB4:
  95:bluetooth_le.c **** 
  96:bluetooth_le.c **** // runs the CRC in reverse to generate a CRCInit
  97:bluetooth_le.c **** //
  98:bluetooth_le.c **** //	crc should be big endian
  99:bluetooth_le.c **** //	the return will be big endian
 100:bluetooth_le.c **** //
 101:bluetooth_le.c **** u32 btle_reverse_crc(u32 crc, u8 *data, int len) {
 255              		.loc 1 101 0
 256              		.cfi_startproc
 257              		@ args = 0, pretend = 0, frame = 0
 258              		@ frame_needed = 0, uses_anonymous_args = 0
 259              	.LVL30:
 260 0000 70B5     		push	{r4, r5, r6, lr}
 261              		.cfi_def_cfa_offset 16
 262              		.cfi_offset 4, -16
 263              		.cfi_offset 5, -12
 264              		.cfi_offset 6, -8
 265              		.cfi_offset 14, -4
 266              	.LVL31:
 267              	.L37:
 102:bluetooth_le.c **** 	u32 state = crc;
 103:bluetooth_le.c **** 	u32 lfsr_mask = 0xb4c000; // 101101001100000000000000
 104:bluetooth_le.c **** 	u32 ret;
 105:bluetooth_le.c **** 	int i, j;
 106:bluetooth_le.c **** 
 107:bluetooth_le.c **** 	for (i = len - 1; i >= 0; --i) {
 268              		.loc 1 107 0 discriminator 2
 269 0002 013A     		subs	r2, r2, #1
 270              	.LVL32:
 271 0004 002A     		cmp	r2, #0
 272 0006 14DB     		blt	.L38
 273              	.LBB9:
 108:bluetooth_le.c **** 		u8 cur = data[i];
 274              		.loc 1 108 0
 275 0008 8E5C     		ldrb	r6, [r1, r2]	@ zero_extendqisi2
 276              	.LVL33:
 277 000a 0724     		movs	r4, #7
 278              	.LVL34:
 279              	.L29:
 280              	.LBB10:
 109:bluetooth_le.c **** 		for (j = 0; j < 8; ++j) {
 110:bluetooth_le.c **** 			int top_bit = state >> 23;
 281              		.loc 1 110 0
 282 000c C50D     		lsrs	r5, r0, #23
 283              	.LVL35:
 111:bluetooth_le.c **** 			state = (state << 1) & 0xffffff;
 284              		.loc 1 111 0
 285 000e 4000     		lsls	r0, r0, #1
ARM GAS  /var/folders/s6/4bph2j8d1nvcsgz5bgm0yhx00000gn/T//cc6Pnw29.s 			page 8


 286              	.LVL36:
 287 0010 20F07F43 		bic	r3, r0, #-16777216
 288              	.LVL37:
 112:bluetooth_le.c **** 			state |= top_bit ^ ((cur >> (7 - j)) & 1);
 289              		.loc 1 112 0
 290 0014 46FA04F0 		asr	r0, r6, r4
 291 0018 00F00100 		and	r0, r0, #1
 292 001c 6840     		eors	r0, r0, r5
 293 001e 1843     		orrs	r0, r0, r3
 294              	.LVL38:
 113:bluetooth_le.c **** 			if (top_bit)
 295              		.loc 1 113 0
 296 0020 1DB1     		cbz	r5, .L28
 114:bluetooth_le.c **** 				state ^= lfsr_mask;
 297              		.loc 1 114 0
 298 0022 80F43400 		eor	r0, r0, #11796480
 299              	.LVL39:
 300 0026 80F44040 		eor	r0, r0, #49152
 301              	.LVL40:
 302              	.L28:
 303              	.LBE10:
 109:bluetooth_le.c **** 			int top_bit = state >> 23;
 304              		.loc 1 109 0 discriminator 2
 305 002a 14F1FF34 		adds	r4, r4, #-1
 306              	.LVL41:
 307 002e EDD2     		bcs	.L29
 308 0030 E7E7     		b	.L37
 309              	.LVL42:
 310              	.L38:
 311              	.LBE9:
 107:bluetooth_le.c **** 		u8 cur = data[i];
 312              		.loc 1 107 0
 313 0032 0023     		movs	r3, #0
 314 0034 1946     		mov	r1, r3
 315              	.LVL43:
 316              	.L31:
 115:bluetooth_le.c **** 		}
 116:bluetooth_le.c **** 	}
 117:bluetooth_le.c **** 
 118:bluetooth_le.c **** 	ret = 0;
 119:bluetooth_le.c **** 	for (i = 0; i < 24; ++i)
 120:bluetooth_le.c **** 		ret |= ((state >> i) & 1) << (23 - i);
 317              		.loc 1 120 0 discriminator 3
 318 0036 20FA03F2 		lsr	r2, r0, r3
 319 003a C3F11704 		rsb	r4, r3, #23
 320 003e 02F00102 		and	r2, r2, #1
 119:bluetooth_le.c **** 		ret |= ((state >> i) & 1) << (23 - i);
 321              		.loc 1 119 0 discriminator 3
 322 0042 0133     		adds	r3, r3, #1
 323              	.LVL44:
 324              		.loc 1 120 0 discriminator 3
 325 0044 A240     		lsls	r2, r2, r4
 119:bluetooth_le.c **** 		ret |= ((state >> i) & 1) << (23 - i);
 326              		.loc 1 119 0 discriminator 3
 327 0046 182B     		cmp	r3, #24
 328              		.loc 1 120 0 discriminator 3
 329 0048 41EA0201 		orr	r1, r1, r2
ARM GAS  /var/folders/s6/4bph2j8d1nvcsgz5bgm0yhx00000gn/T//cc6Pnw29.s 			page 9


 330              	.LVL45:
 119:bluetooth_le.c **** 		ret |= ((state >> i) & 1) << (23 - i);
 331              		.loc 1 119 0 discriminator 3
 332 004c F3D1     		bne	.L31
 121:bluetooth_le.c **** 
 122:bluetooth_le.c **** 	return ret;
 123:bluetooth_le.c **** }
 333              		.loc 1 123 0
 334 004e 0846     		mov	r0, r1
 335              	.LVL46:
 336 0050 70BD     		pop	{r4, r5, r6, pc}
 337              		.cfi_endproc
 338              	.LFE4:
 340              		.section	.text.btle_crcgen_lut,"ax",%progbits
 341              		.align	1
 342              		.global	btle_crcgen_lut
 343              		.thumb
 344              		.thumb_func
 346              	btle_crcgen_lut:
 347              	.LFB5:
 124:bluetooth_le.c **** 
 125:bluetooth_le.c **** u32 btle_crc_lut[256] = {
 126:bluetooth_le.c **** 	0x000000, 0x01b4c0, 0x036980, 0x02dd40, 0x06d300, 0x0767c0, 0x05ba80, 0x040e40,
 127:bluetooth_le.c **** 	0x0da600, 0x0c12c0, 0x0ecf80, 0x0f7b40, 0x0b7500, 0x0ac1c0, 0x081c80, 0x09a840,
 128:bluetooth_le.c **** 	0x1b4c00, 0x1af8c0, 0x182580, 0x199140, 0x1d9f00, 0x1c2bc0, 0x1ef680, 0x1f4240,
 129:bluetooth_le.c **** 	0x16ea00, 0x175ec0, 0x158380, 0x143740, 0x103900, 0x118dc0, 0x135080, 0x12e440,
 130:bluetooth_le.c **** 	0x369800, 0x372cc0, 0x35f180, 0x344540, 0x304b00, 0x31ffc0, 0x332280, 0x329640,
 131:bluetooth_le.c **** 	0x3b3e00, 0x3a8ac0, 0x385780, 0x39e340, 0x3ded00, 0x3c59c0, 0x3e8480, 0x3f3040,
 132:bluetooth_le.c **** 	0x2dd400, 0x2c60c0, 0x2ebd80, 0x2f0940, 0x2b0700, 0x2ab3c0, 0x286e80, 0x29da40,
 133:bluetooth_le.c **** 	0x207200, 0x21c6c0, 0x231b80, 0x22af40, 0x26a100, 0x2715c0, 0x25c880, 0x247c40,
 134:bluetooth_le.c **** 	0x6d3000, 0x6c84c0, 0x6e5980, 0x6fed40, 0x6be300, 0x6a57c0, 0x688a80, 0x693e40,
 135:bluetooth_le.c **** 	0x609600, 0x6122c0, 0x63ff80, 0x624b40, 0x664500, 0x67f1c0, 0x652c80, 0x649840,
 136:bluetooth_le.c **** 	0x767c00, 0x77c8c0, 0x751580, 0x74a140, 0x70af00, 0x711bc0, 0x73c680, 0x727240,
 137:bluetooth_le.c **** 	0x7bda00, 0x7a6ec0, 0x78b380, 0x790740, 0x7d0900, 0x7cbdc0, 0x7e6080, 0x7fd440,
 138:bluetooth_le.c **** 	0x5ba800, 0x5a1cc0, 0x58c180, 0x597540, 0x5d7b00, 0x5ccfc0, 0x5e1280, 0x5fa640,
 139:bluetooth_le.c **** 	0x560e00, 0x57bac0, 0x556780, 0x54d340, 0x50dd00, 0x5169c0, 0x53b480, 0x520040,
 140:bluetooth_le.c **** 	0x40e400, 0x4150c0, 0x438d80, 0x423940, 0x463700, 0x4783c0, 0x455e80, 0x44ea40,
 141:bluetooth_le.c **** 	0x4d4200, 0x4cf6c0, 0x4e2b80, 0x4f9f40, 0x4b9100, 0x4a25c0, 0x48f880, 0x494c40,
 142:bluetooth_le.c **** 	0xda6000, 0xdbd4c0, 0xd90980, 0xd8bd40, 0xdcb300, 0xdd07c0, 0xdfda80, 0xde6e40,
 143:bluetooth_le.c **** 	0xd7c600, 0xd672c0, 0xd4af80, 0xd51b40, 0xd11500, 0xd0a1c0, 0xd27c80, 0xd3c840,
 144:bluetooth_le.c **** 	0xc12c00, 0xc098c0, 0xc24580, 0xc3f140, 0xc7ff00, 0xc64bc0, 0xc49680, 0xc52240,
 145:bluetooth_le.c **** 	0xcc8a00, 0xcd3ec0, 0xcfe380, 0xce5740, 0xca5900, 0xcbedc0, 0xc93080, 0xc88440,
 146:bluetooth_le.c **** 	0xecf800, 0xed4cc0, 0xef9180, 0xee2540, 0xea2b00, 0xeb9fc0, 0xe94280, 0xe8f640,
 147:bluetooth_le.c **** 	0xe15e00, 0xe0eac0, 0xe23780, 0xe38340, 0xe78d00, 0xe639c0, 0xe4e480, 0xe55040,
 148:bluetooth_le.c **** 	0xf7b400, 0xf600c0, 0xf4dd80, 0xf56940, 0xf16700, 0xf0d3c0, 0xf20e80, 0xf3ba40,
 149:bluetooth_le.c **** 	0xfa1200, 0xfba6c0, 0xf97b80, 0xf8cf40, 0xfcc100, 0xfd75c0, 0xffa880, 0xfe1c40,
 150:bluetooth_le.c **** 	0xb75000, 0xb6e4c0, 0xb43980, 0xb58d40, 0xb18300, 0xb037c0, 0xb2ea80, 0xb35e40,
 151:bluetooth_le.c **** 	0xbaf600, 0xbb42c0, 0xb99f80, 0xb82b40, 0xbc2500, 0xbd91c0, 0xbf4c80, 0xbef840,
 152:bluetooth_le.c **** 	0xac1c00, 0xada8c0, 0xaf7580, 0xaec140, 0xaacf00, 0xab7bc0, 0xa9a680, 0xa81240,
 153:bluetooth_le.c **** 	0xa1ba00, 0xa00ec0, 0xa2d380, 0xa36740, 0xa76900, 0xa6ddc0, 0xa40080, 0xa5b440,
 154:bluetooth_le.c **** 	0x81c800, 0x807cc0, 0x82a180, 0x831540, 0x871b00, 0x86afc0, 0x847280, 0x85c640,
 155:bluetooth_le.c **** 	0x8c6e00, 0x8ddac0, 0x8f0780, 0x8eb340, 0x8abd00, 0x8b09c0, 0x89d480, 0x886040,
 156:bluetooth_le.c **** 	0x9a8400, 0x9b30c0, 0x99ed80, 0x985940, 0x9c5700, 0x9de3c0, 0x9f3e80, 0x9e8a40,
 157:bluetooth_le.c **** 	0x972200, 0x9696c0, 0x944b80, 0x95ff40, 0x91f100, 0x9045c0, 0x929880, 0x932c40
 158:bluetooth_le.c **** };
 159:bluetooth_le.c **** 
 160:bluetooth_le.c **** /*
ARM GAS  /var/folders/s6/4bph2j8d1nvcsgz5bgm0yhx00000gn/T//cc6Pnw29.s 			page 10


 161:bluetooth_le.c ****  * Calculate a BTLE CRC one byte at a time. Thanks to Dominic Spill and
 162:bluetooth_le.c ****  * Michael Ossmann for writing and optimizing this.
 163:bluetooth_le.c ****  *
 164:bluetooth_le.c ****  * Arguments: CRCInit, pointer to start of packet, length of packet in
 165:bluetooth_le.c ****  * bytes
 166:bluetooth_le.c ****  * */
 167:bluetooth_le.c **** u32 btle_crcgen_lut(u32 crc_init, u8 *data, int len) {
 348              		.loc 1 167 0
 349              		.cfi_startproc
 350              		@ args = 0, pretend = 0, frame = 0
 351              		@ frame_needed = 0, uses_anonymous_args = 0
 352              	.LVL47:
 353 0000 30B5     		push	{r4, r5, lr}
 354              		.cfi_def_cfa_offset 12
 355              		.cfi_offset 4, -12
 356              		.cfi_offset 5, -8
 357              		.cfi_offset 14, -4
 168:bluetooth_le.c **** 	u32 state;
 169:bluetooth_le.c **** 	int i;
 170:bluetooth_le.c **** 	u8 key;
 171:bluetooth_le.c **** 
 172:bluetooth_le.c **** 	state = crc_init & 0xffffff;
 173:bluetooth_le.c **** 	for (i = 0; i < len; ++i) {
 358              		.loc 1 173 0
 359 0002 0C46     		mov	r4, r1
 172:bluetooth_le.c **** 	for (i = 0; i < len; ++i) {
 360              		.loc 1 172 0
 361 0004 20F07F40 		bic	r0, r0, #-16777216
 362              	.LVL48:
 363              	.L40:
 364 0008 631A     		subs	r3, r4, r1
 365              		.loc 1 173 0 discriminator 1
 366 000a 9342     		cmp	r3, r2
 367 000c 09DA     		bge	.L42
 174:bluetooth_le.c **** 		key = data[i] ^ (state & 0xff);
 368              		.loc 1 174 0 discriminator 3
 369 000e 14F8013B 		ldrb	r3, [r4], #1	@ zero_extendqisi2
 370              	.LVL49:
 175:bluetooth_le.c **** 		state = (state >> 8) ^ btle_crc_lut[key];
 371              		.loc 1 175 0 discriminator 3
 372 0012 044D     		ldr	r5, .L43
 174:bluetooth_le.c **** 		key = data[i] ^ (state & 0xff);
 373              		.loc 1 174 0 discriminator 3
 374 0014 4340     		eors	r3, r3, r0
 375              	.LVL50:
 376              		.loc 1 175 0 discriminator 3
 377 0016 DBB2     		uxtb	r3, r3
 378 0018 55F82330 		ldr	r3, [r5, r3, lsl #2]
 379 001c 83EA1020 		eor	r0, r3, r0, lsr #8
 380              	.LVL51:
 381 0020 F2E7     		b	.L40
 382              	.L42:
 176:bluetooth_le.c **** 	}
 177:bluetooth_le.c **** 	return state;
 178:bluetooth_le.c **** }
 383              		.loc 1 178 0
 384 0022 30BD     		pop	{r4, r5, pc}
ARM GAS  /var/folders/s6/4bph2j8d1nvcsgz5bgm0yhx00000gn/T//cc6Pnw29.s 			page 11


 385              	.LVL52:
 386              	.L44:
 387              		.align	2
 388              	.L43:
 389 0024 00000000 		.word	.LANCHOR0
 390              		.cfi_endproc
 391              	.LFE5:
 393              		.global	btle_crc_lut
 394              		.data
 395              		.align	2
 396              		.set	.LANCHOR0,. + 0
 399              	btle_crc_lut:
 400 0000 00000000 		.word	0
 401 0004 C0B40100 		.word	111808
 402 0008 80690300 		.word	223616
 403 000c 40DD0200 		.word	187712
 404 0010 00D30600 		.word	447232
 405 0014 C0670700 		.word	485312
 406 0018 80BA0500 		.word	375424
 407 001c 400E0400 		.word	265792
 408 0020 00A60D00 		.word	894464
 409 0024 C0120C00 		.word	791232
 410 0028 80CF0E00 		.word	970624
 411 002c 407B0F00 		.word	1014592
 412 0030 00750B00 		.word	750848
 413 0034 C0C10A00 		.word	704960
 414 0038 801C0800 		.word	531584
 415 003c 40A80900 		.word	632896
 416 0040 004C1B00 		.word	1788928
 417 0044 C0F81A00 		.word	1767616
 418 0048 80251800 		.word	1582464
 419 004c 40911900 		.word	1675584
 420 0050 009F1D00 		.word	1941248
 421 0054 C02B1C00 		.word	1846208
 422 0058 80F61E00 		.word	2029184
 423 005c 40421F00 		.word	2048576
 424 0060 00EA1600 		.word	1501696
 425 0064 C05E1700 		.word	1531584
 426 0068 80831500 		.word	1409920
 427 006c 40371400 		.word	1324864
 428 0070 00391000 		.word	1063168
 429 0074 C08D1100 		.word	1150400
 430 0078 80501300 		.word	1265792
 431 007c 40E41200 		.word	1238080
 432 0080 00983600 		.word	3577856
 433 0084 C02C3700 		.word	3615936
 434 0088 80F13500 		.word	3535232
 435 008c 40453400 		.word	3425600
 436 0090 004B3000 		.word	3164928
 437 0094 C0FF3100 		.word	3276736
 438 0098 80223300 		.word	3351168
 439 009c 40963200 		.word	3315264
 440 00a0 003E3B00 		.word	3882496
 441 00a4 C08A3A00 		.word	3836608
 442 00a8 80573800 		.word	3692416
 443 00ac 40E33900 		.word	3793728
 444 00b0 00ED3D00 		.word	4058368
ARM GAS  /var/folders/s6/4bph2j8d1nvcsgz5bgm0yhx00000gn/T//cc6Pnw29.s 			page 12


 445 00b4 C0593C00 		.word	3955136
 446 00b8 80843E00 		.word	4097152
 447 00bc 40303F00 		.word	4141120
 448 00c0 00D42D00 		.word	3003392
 449 00c4 C0602C00 		.word	2908352
 450 00c8 80BD2E00 		.word	3063168
 451 00cc 40092F00 		.word	3082560
 452 00d0 00072B00 		.word	2819840
 453 00d4 C0B32A00 		.word	2798528
 454 00d8 806E2800 		.word	2649728
 455 00dc 40DA2900 		.word	2742848
 456 00e0 00722000 		.word	2126336
 457 00e4 C0C62100 		.word	2213568
 458 00e8 801B2300 		.word	2300800
 459 00ec 40AF2200 		.word	2273088
 460 00f0 00A12600 		.word	2531584
 461 00f4 C0152700 		.word	2561472
 462 00f8 80C82500 		.word	2476160
 463 00fc 407C2400 		.word	2391104
 464 0100 00306D00 		.word	7155712
 465 0104 C0846C00 		.word	7111872
 466 0108 80596E00 		.word	7231872
 467 010c 40ED6F00 		.word	7335232
 468 0110 00E36B00 		.word	7070464
 469 0114 C0576A00 		.word	6969280
 470 0118 808A6800 		.word	6851200
 471 011c 403E6900 		.word	6897216
 472 0120 00966000 		.word	6329856
 473 0124 C0226100 		.word	6365888
 474 0128 80FF6300 		.word	6553472
 475 012c 404B6200 		.word	6441792
 476 0130 00456600 		.word	6702336
 477 0134 C0F16700 		.word	6812096
 478 0138 802C6500 		.word	6630528
 479 013c 40986400 		.word	6592576
 480 0140 007C7600 		.word	7764992
 481 0144 C0C87700 		.word	7850176
 482 0148 80157500 		.word	7673216
 483 014c 40A17400 		.word	7643456
 484 0150 00AF7000 		.word	7384832
 485 0154 C01B7100 		.word	7412672
 486 0158 80C67300 		.word	7587456
 487 015c 40727200 		.word	7500352
 488 0160 00DA7B00 		.word	8116736
 489 0164 C06E7A00 		.word	8023744
 490 0168 80B37800 		.word	7910272
 491 016c 40077900 		.word	7931712
 492 0170 00097D00 		.word	8194304
 493 0174 C0BD7C00 		.word	8175040
 494 0178 80607E00 		.word	8282240
 495 017c 40D47F00 		.word	8377408
 496 0180 00A85B00 		.word	6006784
 497 0184 C01C5A00 		.word	5905600
 498 0188 80C15800 		.word	5816704
 499 018c 40755900 		.word	5862720
 500 0190 007B5D00 		.word	6126336
 501 0194 C0CF5C00 		.word	6082496
ARM GAS  /var/folders/s6/4bph2j8d1nvcsgz5bgm0yhx00000gn/T//cc6Pnw29.s 			page 13


 502 0198 80125E00 		.word	6165120
 503 019c 40A65F00 		.word	6268480
 504 01a0 000E5600 		.word	5639680
 505 01a4 C0BA5700 		.word	5749440
 506 01a8 80675500 		.word	5597056
 507 01ac 40D35400 		.word	5559104
 508 01b0 00DD5000 		.word	5299456
 509 01b4 C0695100 		.word	5335488
 510 01b8 80B45300 		.word	5485696
 511 01bc 40005200 		.word	5374016
 512 01c0 00E44000 		.word	4252672
 513 01c4 C0504100 		.word	4280512
 514 01c8 808D4300 		.word	4427136
 515 01cc 40394200 		.word	4340032
 516 01d0 00374600 		.word	4601600
 517 01d4 C0834700 		.word	4686784
 518 01d8 805E4500 		.word	4546176
 519 01dc 40EA4400 		.word	4516416
 520 01e0 00424D00 		.word	5063168
 521 01e4 C0F64C00 		.word	5043904
 522 01e8 802B4E00 		.word	5122944
 523 01ec 409F4F00 		.word	5218112
 524 01f0 00914B00 		.word	4952320
 525 01f4 C0254A00 		.word	4859328
 526 01f8 80F84800 		.word	4782208
 527 01fc 404C4900 		.word	4803648
 528 0200 0060DA00 		.word	14311424
 529 0204 C0D4DB00 		.word	14406848
 530 0208 8009D900 		.word	14223744
 531 020c 40BDD800 		.word	14204224
 532 0210 00B3DC00 		.word	14463744
 533 0214 C007DD00 		.word	14485440
 534 0218 80DADF00 		.word	14670464
 535 021c 406EDE00 		.word	14577216
 536 0220 00C6D700 		.word	14140928
 537 0224 C072D600 		.word	14054080
 538 0228 80AFD400 		.word	13938560
 539 022c 401BD500 		.word	13966144
 540 0230 0015D100 		.word	13702400
 541 0234 C0A1D000 		.word	13672896
 542 0238 807CD200 		.word	13794432
 543 023c 40C8D300 		.word	13879360
 544 0240 002CC100 		.word	12659712
 545 0244 C098C000 		.word	12622016
 546 0248 8045C200 		.word	12731776
 547 024c 40F1C300 		.word	12841280
 548 0250 00FFC700 		.word	13106944
 549 0254 C04BC600 		.word	12995520
 550 0258 8096C400 		.word	12883584
 551 025c 4022C500 		.word	12919360
 552 0260 008ACC00 		.word	13404672
 553 0264 C03ECD00 		.word	13450944
 554 0268 80E3CF00 		.word	13624192
 555 026c 4057CE00 		.word	13522752
 556 0270 0059CA00 		.word	13261056
 557 0274 C0EDCB00 		.word	13364672
 558 0278 8030C900 		.word	13185152
ARM GAS  /var/folders/s6/4bph2j8d1nvcsgz5bgm0yhx00000gn/T//cc6Pnw29.s 			page 14


 559 027c 4084C800 		.word	13141056
 560 0280 00F8EC00 		.word	15529984
 561 0284 C04CED00 		.word	15551680
 562 0288 8091EF00 		.word	15700352
 563 028c 4025EE00 		.word	15607104
 564 0290 002BEA00 		.word	15346432
 565 0294 C09FEB00 		.word	15441856
 566 0298 8042E900 		.word	15286912
 567 029c 40F6E800 		.word	15267392
 568 02a0 005EE100 		.word	14769664
 569 02a4 C0EAE000 		.word	14740160
 570 02a8 8037E200 		.word	14825344
 571 02ac 4083E300 		.word	14910272
 572 02b0 008DE700 		.word	15174912
 573 02b4 C039E600 		.word	15088064
 574 02b8 80E4E400 		.word	15000704
 575 02bc 4050E500 		.word	15028288
 576 02c0 00B4F700 		.word	16233472
 577 02c4 C000F600 		.word	16122048
 578 02c8 80DDF400 		.word	16047488
 579 02cc 4069F500 		.word	16083264
 580 02d0 0067F100 		.word	15820544
 581 02d4 C0D3F000 		.word	15782848
 582 02d8 800EF200 		.word	15863424
 583 02dc 40BAF300 		.word	15972928
 584 02e0 0012FA00 		.word	16388608
 585 02e4 C0A6FB00 		.word	16492224
 586 02e8 807BF900 		.word	16350080
 587 02ec 40CFF800 		.word	16305984
 588 02f0 00C1FC00 		.word	16564480
 589 02f4 C075FD00 		.word	16610752
 590 02f8 80A8FF00 		.word	16754816
 591 02fc 401CFE00 		.word	16653376
 592 0300 0050B700 		.word	12013568
 593 0304 C0E4B600 		.word	11986112
 594 0308 8039B400 		.word	11811200
 595 030c 408DB500 		.word	11898176
 596 0310 0083B100 		.word	11633408
 597 0314 C037B000 		.word	11548608
 598 0318 80EAB200 		.word	11725440
 599 031c 405EB300 		.word	11755072
 600 0320 00F6BA00 		.word	12252672
 601 0324 C042BB00 		.word	12272320
 602 0328 809FB900 		.word	12164992
 603 032c 402BB800 		.word	12069696
 604 0330 0025BC00 		.word	12330240
 605 0334 C091BD00 		.word	12423616
 606 0338 804CBF00 		.word	12536960
 607 033c 40F8BE00 		.word	12515392
 608 0340 001CAC00 		.word	11279360
 609 0344 C0A8AD00 		.word	11380928
 610 0348 8075AF00 		.word	11498880
 611 034c 40C1AE00 		.word	11452736
 612 0350 00CFAA00 		.word	11194112
 613 0354 C07BAB00 		.word	11238336
 614 0358 80A6A900 		.word	11118208
 615 035c 4012A800 		.word	11014720
ARM GAS  /var/folders/s6/4bph2j8d1nvcsgz5bgm0yhx00000gn/T//cc6Pnw29.s 			page 15


 616 0360 00BAA100 		.word	10598912
 617 0364 C00EA000 		.word	10489536
 618 0368 80D3A200 		.word	10670976
 619 036c 4067A300 		.word	10708800
 620 0370 0069A700 		.word	10971392
 621 0374 C0DDA600 		.word	10935744
 622 0378 8000A400 		.word	10748032
 623 037c 40B4A500 		.word	10859584
 624 0380 00C88100 		.word	8505344
 625 0384 C07C8000 		.word	8420544
 626 0388 80A18200 		.word	8561024
 627 038c 40158300 		.word	8590656
 628 0390 001B8700 		.word	8854272
 629 0394 C0AF8600 		.word	8826816
 630 0398 80728400 		.word	8680064
 631 039c 40C68500 		.word	8767040
 632 03a0 006E8C00 		.word	9203200
 633 03a4 C0DA8D00 		.word	9296576
 634 03a8 80078F00 		.word	9373568
 635 03ac 40B38E00 		.word	9352000
 636 03b0 00BD8A00 		.word	9092352
 637 03b4 C0098B00 		.word	9112000
 638 03b8 80D48900 		.word	9032832
 639 03bc 40608800 		.word	8937536
 640 03c0 00849A00 		.word	10126336
 641 03c4 C0309B00 		.word	10170560
 642 03c8 80ED9900 		.word	10087808
 643 03cc 40599800 		.word	9984320
 644 03d0 00579C00 		.word	10245888
 645 03d4 C0E39D00 		.word	10347456
 646 03d8 803E9F00 		.word	10436224
 647 03dc 408A9E00 		.word	10390080
 648 03e0 00229700 		.word	9904640
 649 03e4 C0969600 		.word	9868992
 650 03e8 804B9400 		.word	9718656
 651 03ec 40FF9500 		.word	9830208
 652 03f0 00F19100 		.word	9564416
 653 03f4 C0459000 		.word	9455040
 654 03f8 80989200 		.word	9607296
 655 03fc 402C9300 		.word	9645120
 656              		.text
 657              	.Letext0:
 658              		.file 2 "/Users/ahesham/research/Bluetooth/boss/uberCode/gcc-arm-none-eabi/lib/gcc/arm-none-eabi/4
 659              		.file 3 "bluetooth_le.h"
ARM GAS  /var/folders/s6/4bph2j8d1nvcsgz5bgm0yhx00000gn/T//cc6Pnw29.s 			page 16


DEFINED SYMBOLS
                            *ABS*:0000000000000000 bluetooth_le.c
/var/folders/s6/4bph2j8d1nvcsgz5bgm0yhx00000gn/T//cc6Pnw29.s:19     .text.btle_channel_index:0000000000000000 $t
/var/folders/s6/4bph2j8d1nvcsgz5bgm0yhx00000gn/T//cc6Pnw29.s:24     .text.btle_channel_index:0000000000000000 btle_channel_index
/var/folders/s6/4bph2j8d1nvcsgz5bgm0yhx00000gn/T//cc6Pnw29.s:76     .text.btle_channel_index_to_phys:0000000000000000 $t
/var/folders/s6/4bph2j8d1nvcsgz5bgm0yhx00000gn/T//cc6Pnw29.s:81     .text.btle_channel_index_to_phys:0000000000000000 btle_channel_index_to_phys
/var/folders/s6/4bph2j8d1nvcsgz5bgm0yhx00000gn/T//cc6Pnw29.s:137    .text.btle_next_hop:0000000000000000 $t
/var/folders/s6/4bph2j8d1nvcsgz5bgm0yhx00000gn/T//cc6Pnw29.s:142    .text.btle_next_hop:0000000000000000 btle_next_hop
/var/folders/s6/4bph2j8d1nvcsgz5bgm0yhx00000gn/T//cc6Pnw29.s:176    .text.btle_calc_crc:0000000000000000 $t
/var/folders/s6/4bph2j8d1nvcsgz5bgm0yhx00000gn/T//cc6Pnw29.s:181    .text.btle_calc_crc:0000000000000000 btle_calc_crc
/var/folders/s6/4bph2j8d1nvcsgz5bgm0yhx00000gn/T//cc6Pnw29.s:248    .text.btle_reverse_crc:0000000000000000 $t
/var/folders/s6/4bph2j8d1nvcsgz5bgm0yhx00000gn/T//cc6Pnw29.s:253    .text.btle_reverse_crc:0000000000000000 btle_reverse_crc
/var/folders/s6/4bph2j8d1nvcsgz5bgm0yhx00000gn/T//cc6Pnw29.s:341    .text.btle_crcgen_lut:0000000000000000 $t
/var/folders/s6/4bph2j8d1nvcsgz5bgm0yhx00000gn/T//cc6Pnw29.s:346    .text.btle_crcgen_lut:0000000000000000 btle_crcgen_lut
/var/folders/s6/4bph2j8d1nvcsgz5bgm0yhx00000gn/T//cc6Pnw29.s:389    .text.btle_crcgen_lut:0000000000000024 $d
/var/folders/s6/4bph2j8d1nvcsgz5bgm0yhx00000gn/T//cc6Pnw29.s:399    .data:0000000000000000 btle_crc_lut
/var/folders/s6/4bph2j8d1nvcsgz5bgm0yhx00000gn/T//cc6Pnw29.s:395    .data:0000000000000000 $d
                     .debug_frame:0000000000000010 $d

NO UNDEFINED SYMBOLS
