ARM GAS  /var/folders/s6/4bph2j8d1nvcsgz5bgm0yhx00000gn/T//ccXpmCTN.s 			page 1


   1              		.syntax unified
   2              		.cpu cortex-m3
   3              		.fpu softvfp
   4              		.eabi_attribute 20, 1
   5              		.eabi_attribute 21, 1
   6              		.eabi_attribute 23, 3
   7              		.eabi_attribute 24, 1
   8              		.eabi_attribute 25, 1
   9              		.eabi_attribute 26, 1
  10              		.eabi_attribute 30, 4
  11              		.eabi_attribute 34, 1
  12              		.eabi_attribute 18, 4
  13              		.thumb
  14              		.file	"bluetooth.c"
  15              		.text
  16              	.Ltext0:
  17              		.cfi_sections	.debug_frame
  18              		.section	.text.precalc,"ax",%progbits
  19              		.align	1
  20              		.global	precalc
  21              		.thumb
  22              		.thumb_func
  24              	precalc:
  25              	.LFB1:
  26              		.file 1 "bluetooth.c"
   1:bluetooth.c   **** /*
   2:bluetooth.c   ****  * Copyright 2012 Dominic Spill
   3:bluetooth.c   ****  *
   4:bluetooth.c   ****  * This file is part of Project Ubertooth.
   5:bluetooth.c   ****  *
   6:bluetooth.c   ****  * This program is free software; you can redistribute it and/or modify
   7:bluetooth.c   ****  * it under the terms of the GNU General Public License as published by
   8:bluetooth.c   ****  * the Free Software Foundation; either version 2, or (at your option)
   9:bluetooth.c   ****  * any later version.
  10:bluetooth.c   ****  *
  11:bluetooth.c   ****  * This program is distributed in the hope that it will be useful,
  12:bluetooth.c   ****  * but WITHOUT ANY WARRANTY; without even the implied warranty of
  13:bluetooth.c   ****  * MERCHANTABILITY or FITNESS FOR A PARTICULAR PURPOSE.  See the
  14:bluetooth.c   ****  * GNU General Public License for more details.
  15:bluetooth.c   ****  *
  16:bluetooth.c   ****  * You should have received a copy of the GNU General Public License
  17:bluetooth.c   ****  * along with this program; see the file COPYING.  If not, write to
  18:bluetooth.c   ****  * the Free Software Foundation, Inc., 51 Franklin Street,
  19:bluetooth.c   ****  * Boston, MA 02110-1301, USA.
  20:bluetooth.c   ****  */
  21:bluetooth.c   **** 
  22:bluetooth.c   **** #include "bluetooth.h"
  23:bluetooth.c   **** 
  24:bluetooth.c   **** /* these values for hop() can be precalculated (at leastin part) */
  25:bluetooth.c   **** u8 a1, b, c1, e;
  26:bluetooth.c   **** u16 d1;
  27:bluetooth.c   **** /* frequency register bank */
  28:bluetooth.c   **** u8 bank[NUM_BREDR_CHANNELS];
  29:bluetooth.c   **** u8 afh_bank[NUM_BREDR_CHANNELS];
  30:bluetooth.c   **** 
  31:bluetooth.c   **** /* count the number of 1 bits in a uint64_t */
  32:bluetooth.c   **** static uint8_t count_bits(uint64_t n)
ARM GAS  /var/folders/s6/4bph2j8d1nvcsgz5bgm0yhx00000gn/T//ccXpmCTN.s 			page 2


  33:bluetooth.c   **** {
  34:bluetooth.c   **** 	uint8_t i = 0;
  35:bluetooth.c   **** 	for (i = 0; n != 0; i++)
  36:bluetooth.c   **** 		n &= n - 1;
  37:bluetooth.c   **** 	return i;
  38:bluetooth.c   **** }
  39:bluetooth.c   **** 
  40:bluetooth.c   **** /* do all of the one time precalculation */
  41:bluetooth.c   **** void precalc(void)
  42:bluetooth.c   **** {
  27              		.loc 1 42 0
  28              		.cfi_startproc
  29              		@ args = 0, pretend = 0, frame = 0
  30              		@ frame_needed = 0, uses_anonymous_args = 0
  31 0000 F0B5     		push	{r4, r5, r6, r7, lr}
  32              		.cfi_def_cfa_offset 20
  33              		.cfi_offset 4, -20
  34              		.cfi_offset 5, -16
  35              		.cfi_offset 6, -12
  36              		.cfi_offset 7, -8
  37              		.cfi_offset 14, -4
  43:bluetooth.c   **** 	u8 i, j, chan;
  44:bluetooth.c   **** 	u32 address;
  45:bluetooth.c   **** 	address = target.address & 0xffffffff;
  38              		.loc 1 45 0
  39 0002 444B     		ldr	r3, .L18
  46:bluetooth.c   **** 	syncword = 0;
  40              		.loc 1 46 0
  41 0004 444A     		ldr	r2, .L18+4
  42 0006 0020     		movs	r0, #0
  43 0008 0021     		movs	r1, #0
  45:bluetooth.c   **** 	syncword = 0;
  44              		.loc 1 45 0
  45 000a 1B68     		ldr	r3, [r3]
  46              	.LVL0:
  47              		.loc 1 46 0
  48 000c C2E90001 		strd	r0, [r2]
  49              	.LVL1:
  50 0010 0022     		movs	r2, #0
  51              	.LVL2:
  52              	.L2:
  53 0012 5500     		lsls	r5, r2, #1
  47:bluetooth.c   **** 
  48:bluetooth.c   **** 	/* populate frequency register bank*/
  49:bluetooth.c   **** 	for (i = 0; i < NUM_BREDR_CHANNELS; i++)
  50:bluetooth.c   **** 		bank[i] = ((i * 2) % NUM_BREDR_CHANNELS);
  54              		.loc 1 50 0 discriminator 3
  55 0014 4F21     		movs	r1, #79
  56 0016 95FBF1F4 		sdiv	r4, r5, r1
  57 001a 01FB1451 		mls	r1, r1, r4, r5
  58 001e 3F48     		ldr	r0, .L18+8
  59 0020 1154     		strb	r1, [r2, r0]
  60              	.LVL3:
  61 0022 0132     		adds	r2, r2, #1
  62              	.LVL4:
  49:bluetooth.c   **** 		bank[i] = ((i * 2) % NUM_BREDR_CHANNELS);
  63              		.loc 1 49 0 discriminator 3
ARM GAS  /var/folders/s6/4bph2j8d1nvcsgz5bgm0yhx00000gn/T//ccXpmCTN.s 			page 3


  64 0024 4F2A     		cmp	r2, #79
  65 0026 F4D1     		bne	.L2
  51:bluetooth.c   **** 		/* actual frequency is 2402 + bank[i] MHz */
  52:bluetooth.c   **** 
  53:bluetooth.c   **** 
  54:bluetooth.c   **** 	/* precalculate some of next_hop()'s variables */
  55:bluetooth.c   **** 	a1 = (address >> 23) & 0x1f;
  66              		.loc 1 55 0
  67 0028 3D4A     		ldr	r2, .L18+12
  68 002a C3F3C451 		ubfx	r1, r3, #23, #5
  69 002e 1170     		strb	r1, [r2]
  56:bluetooth.c   **** 	b = (address >> 19) & 0x0f;
  57:bluetooth.c   **** 	c1 = ((address >> 4) & 0x10) +
  70              		.loc 1 57 0
  71 0030 C3F30715 		ubfx	r5, r3, #4, #8
  72 0034 C3F3C704 		ubfx	r4, r3, #3, #8
  56:bluetooth.c   **** 	b = (address >> 19) & 0x0f;
  73              		.loc 1 56 0
  74 0038 3A4A     		ldr	r2, .L18+16
  75 003a C3F3C341 		ubfx	r1, r3, #19, #4
  76              		.loc 1 57 0
  77 003e 05F01007 		and	r7, r5, #16
  78 0042 04F00806 		and	r6, r4, #8
  56:bluetooth.c   **** 	b = (address >> 19) & 0x0f;
  79              		.loc 1 56 0
  80 0046 1170     		strb	r1, [r2]
  81              		.loc 1 57 0
  82 0048 3E44     		add	r6, r6, r7
  83 004a C3F38701 		ubfx	r1, r3, #2, #8
  84 004e 03F0010E 		and	lr, r3, #1
  85 0052 C3F34702 		ubfx	r2, r3, #1, #8
  86 0056 7644     		add	r6, r6, lr
  87 0058 01F00407 		and	r7, r1, #4
  88 005c 3744     		add	r7, r7, r6
  89 005e 02F00206 		and	r6, r2, #2
  90 0062 3E44     		add	r6, r6, r7
  91 0064 304F     		ldr	r7, .L18+20
  58:bluetooth.c   **** 		((address >> 3) & 0x08) +
  59:bluetooth.c   **** 		((address >> 2) & 0x04) +
  60:bluetooth.c   **** 		((address >> 1) & 0x02) +
  61:bluetooth.c   **** 		(address & 0x01);
  62:bluetooth.c   **** 	d1 = (address >> 10) & 0x1ff;
  63:bluetooth.c   **** 	e = ((address >> 7) & 0x40) +
  92              		.loc 1 63 0
  93 0066 05F00805 		and	r5, r5, #8
  57:bluetooth.c   **** 		((address >> 3) & 0x08) +
  94              		.loc 1 57 0
  95 006a 3E70     		strb	r6, [r7]
  62:bluetooth.c   **** 	e = ((address >> 7) & 0x40) +
  96              		.loc 1 62 0
  97 006c 2F4E     		ldr	r6, .L18+24
  98 006e C3F38827 		ubfx	r7, r3, #10, #9
  99 0072 3780     		strh	r7, [r6]	@ movhi
  64:bluetooth.c   **** 		((address >> 6) & 0x20) +
 100              		.loc 1 64 0
 101 0074 9E09     		lsrs	r6, r3, #6
  63:bluetooth.c   **** 		((address >> 6) & 0x20) +
ARM GAS  /var/folders/s6/4bph2j8d1nvcsgz5bgm0yhx00000gn/T//ccXpmCTN.s 			page 4


 102              		.loc 1 63 0
 103 0076 06F02007 		and	r7, r6, #32
 104 007a DE09     		lsrs	r6, r3, #7
 105 007c 06F04006 		and	r6, r6, #64
  65:bluetooth.c   **** 		((address >> 5) & 0x10) +
 106              		.loc 1 65 0
 107 0080 5B09     		lsrs	r3, r3, #5
 108              	.LVL5:
  63:bluetooth.c   **** 		((address >> 6) & 0x20) +
 109              		.loc 1 63 0
 110 0082 3E44     		add	r6, r6, r7
 111 0084 03F01003 		and	r3, r3, #16
 112 0088 3344     		add	r3, r3, r6
 113 008a 2B44     		add	r3, r3, r5
 114 008c 04F00404 		and	r4, r4, #4
 115 0090 2344     		add	r3, r3, r4
 116 0092 01F00201 		and	r1, r1, #2
 117 0096 1944     		add	r1, r1, r3
 118 0098 02F00102 		and	r2, r2, #1
 119 009c 244B     		ldr	r3, .L18+28
 120 009e 0A44     		add	r2, r2, r1
 121 00a0 1A70     		strb	r2, [r3]
  66:bluetooth.c   **** 		((address >> 4) & 0x08) +
  67:bluetooth.c   **** 		((address >> 3) & 0x04) +
  68:bluetooth.c   **** 		((address >> 2) & 0x02) +
  69:bluetooth.c   **** 		((address >> 1) & 0x01);
  70:bluetooth.c   **** 
  71:bluetooth.c   **** 	if(afh_enabled) {
 122              		.loc 1 71 0
 123 00a2 244B     		ldr	r3, .L18+32
 124 00a4 1B78     		ldrb	r3, [r3]	@ zero_extendqisi2
 125 00a6 9BB3     		cbz	r3, .L1
 126 00a8 0022     		movs	r2, #0
 127 00aa 1346     		mov	r3, r2
 128              	.L3:
 129              	.LVL6:
  72:bluetooth.c   **** 		used_channels = 0;
  73:bluetooth.c   **** 		for(i = 0; i < 10; i++)
  74:bluetooth.c   **** 			used_channels += count_bits((uint64_t) afh_map[i]);
 130              		.loc 1 74 0 discriminator 3
 131 00ac 2249     		ldr	r1, .L18+36
 132 00ae 0025     		movs	r5, #0
 133 00b0 545C     		ldrb	r4, [r2, r1]	@ zero_extendqisi2
 134              	.LVL7:
 135 00b2 4FF0000E 		mov	lr, #0
 136              	.LVL8:
 137              	.L4:
 138              	.LBB4:
 139              	.LBB5:
  35:bluetooth.c   **** 		n &= n - 1;
 140              		.loc 1 35 0
 141 00b6 54EA0507 		orrs	r7, r4, r5
 142 00ba 5FFA8EF6 		uxtb	r6, lr
 143              	.LVL9:
 144 00be 0EF1010E 		add	lr, lr, #1
 145 00c2 06D0     		beq	.L17
  36:bluetooth.c   **** 	return i;
ARM GAS  /var/folders/s6/4bph2j8d1nvcsgz5bgm0yhx00000gn/T//ccXpmCTN.s 			page 5


 146              		.loc 1 36 0
 147 00c4 14F1FF36 		adds	r6, r4, #-1
 148              	.LVL10:
 149 00c8 45F1FF37 		adc	r7, r5, #-1
 150 00cc 3440     		ands	r4, r4, r6
 151              	.LVL11:
 152 00ce 3D40     		ands	r5, r5, r7
 153              	.LVL12:
 154 00d0 F1E7     		b	.L4
 155              	.LVL13:
 156              	.L17:
 157 00d2 0132     		adds	r2, r2, #1
 158              	.LVL14:
 159              	.LBE5:
 160              	.LBE4:
 161              		.loc 1 74 0
 162 00d4 3344     		add	r3, r3, r6
  73:bluetooth.c   **** 			used_channels += count_bits((uint64_t) afh_map[i]);
 163              		.loc 1 73 0
 164 00d6 0A2A     		cmp	r2, #10
 165              		.loc 1 74 0
 166 00d8 DBB2     		uxtb	r3, r3
  73:bluetooth.c   **** 			used_channels += count_bits((uint64_t) afh_map[i]);
 167              		.loc 1 73 0
 168 00da E7D1     		bne	.L3
 169 00dc 174A     		ldr	r2, .L18+40
 170 00de 1370     		strb	r3, [r2]
 171 00e0 0023     		movs	r3, #0
 172 00e2 1C46     		mov	r4, r3
 173              	.LVL15:
 174              	.L7:
  75:bluetooth.c   **** 		j = 0;
  76:bluetooth.c   **** 		for (i = 0; i < NUM_BREDR_CHANNELS; i++) {
  77:bluetooth.c   **** 			chan = (i * 2) % NUM_BREDR_CHANNELS;
 175              		.loc 1 77 0
 176 00e4 4F25     		movs	r5, #79
 177 00e6 93FBF5F2 		sdiv	r2, r3, r5
 178 00ea 05FB1232 		mls	r2, r5, r2, r3
 179 00ee D6B2     		uxtb	r6, r2
 180              	.LVL16:
  78:bluetooth.c   **** 			if(afh_map[chan/8] & (0x1 << (chan % 8)))
 181              		.loc 1 78 0
 182 00f0 F508     		lsrs	r5, r6, #3
 183 00f2 4D5D     		ldrb	r5, [r1, r5]	@ zero_extendqisi2
 184 00f4 02F00702 		and	r2, r2, #7
 185 00f8 45FA02F2 		asr	r2, r5, r2
 186 00fc D207     		lsls	r2, r2, #31
  79:bluetooth.c   **** 				bank[j++] = chan;
 187              		.loc 1 79 0
 188 00fe 48BF     		it	mi
 189 0100 621C     		addmi	r2, r4, #1
 190              	.LVL17:
 191 0102 03F10203 		add	r3, r3, #2
 192 0106 44BF     		itt	mi
 193 0108 0655     		strbmi	r6, [r0, r4]
 194 010a D4B2     		uxtbmi	r4, r2
 195              	.LVL18:
ARM GAS  /var/folders/s6/4bph2j8d1nvcsgz5bgm0yhx00000gn/T//ccXpmCTN.s 			page 6


  76:bluetooth.c   **** 			chan = (i * 2) % NUM_BREDR_CHANNELS;
 196              		.loc 1 76 0
 197 010c 9E2B     		cmp	r3, #158
 198 010e E9D1     		bne	.L7
 199              	.LVL19:
 200              	.L1:
 201 0110 F0BD     		pop	{r4, r5, r6, r7, pc}
 202              	.L19:
 203 0112 00BF     		.align	2
 204              	.L18:
 205 0114 00000000 		.word	target
 206 0118 00000000 		.word	syncword
 207 011c 00000000 		.word	bank
 208 0120 00000000 		.word	a1
 209 0124 00000000 		.word	b
 210 0128 00000000 		.word	c1
 211 012c 00000000 		.word	d1
 212 0130 00000000 		.word	e
 213 0134 00000000 		.word	afh_enabled
 214 0138 00000000 		.word	afh_map
 215 013c 00000000 		.word	used_channels
 216              		.cfi_endproc
 217              	.LFE1:
 219              		.section	.text.next_hop,"ax",%progbits
 220              		.align	1
 221              		.global	next_hop
 222              		.thumb
 223              		.thumb_func
 225              	next_hop:
 226              	.LFB3:
  80:bluetooth.c   **** 		}
  81:bluetooth.c   **** 	}
  82:bluetooth.c   **** }
  83:bluetooth.c   **** 
  84:bluetooth.c   **** /* 5 bit permutation */
  85:bluetooth.c   **** static u8 perm5(u8 z, u8 p_high, u16 p_low)
  86:bluetooth.c   **** {
  87:bluetooth.c   **** 	/* z is constrained to 5 bits, p_high to 5 bits, p_low to 9 bits */
  88:bluetooth.c   **** 	z &= 0x1f;
  89:bluetooth.c   **** 	p_high &= 0x1f;
  90:bluetooth.c   **** 	p_low &= 0x1ff;
  91:bluetooth.c   **** 
  92:bluetooth.c   **** 	int i;
  93:bluetooth.c   **** 	u8 tmp, output, z_bit[5], p[14];
  94:bluetooth.c   **** 	static const u8 index1[] = {0, 2, 1, 3, 0, 1, 0, 3, 1, 0, 2, 1, 0, 1};
  95:bluetooth.c   **** 	static const u8 index2[] = {1, 3, 2, 4, 4, 3, 2, 4, 4, 3, 4, 3, 3, 2};
  96:bluetooth.c   **** 
  97:bluetooth.c   **** 	/* bits of p_low and p_high are control signals */
  98:bluetooth.c   **** 	for (i = 0; i < 9; i++)
  99:bluetooth.c   **** 		p[i] = (p_low >> i) & 0x01;
 100:bluetooth.c   **** 	for (i = 0; i < 5; i++)
 101:bluetooth.c   **** 		p[i+9] = (p_high >> i) & 0x01;
 102:bluetooth.c   **** 
 103:bluetooth.c   **** 	/* bit swapping will be easier with an array of bits */
 104:bluetooth.c   **** 	for (i = 0; i < 5; i++)
 105:bluetooth.c   **** 		z_bit[i] = (z >> i) & 0x01;
 106:bluetooth.c   **** 
ARM GAS  /var/folders/s6/4bph2j8d1nvcsgz5bgm0yhx00000gn/T//ccXpmCTN.s 			page 7


 107:bluetooth.c   **** 	/* butterfly operations */
 108:bluetooth.c   **** 	for (i = 13; i >= 0; i--) {
 109:bluetooth.c   **** 		/* swap bits according to index arrays if control signal tells us to */
 110:bluetooth.c   **** 		if (p[i]) {
 111:bluetooth.c   **** 			tmp = z_bit[index1[i]];
 112:bluetooth.c   **** 			z_bit[index1[i]] = z_bit[index2[i]];
 113:bluetooth.c   **** 			z_bit[index2[i]] = tmp;
 114:bluetooth.c   **** 		}
 115:bluetooth.c   **** 	}
 116:bluetooth.c   **** 
 117:bluetooth.c   **** 	/* reconstruct output from rearranged bits */
 118:bluetooth.c   **** 	output = 0;
 119:bluetooth.c   **** 	for (i = 0; i < 5; i++)
 120:bluetooth.c   **** 		output += z_bit[i] << i;
 121:bluetooth.c   **** 
 122:bluetooth.c   **** 	return output;
 123:bluetooth.c   **** }
 124:bluetooth.c   **** 
 125:bluetooth.c   **** u16 next_hop(u32 clock)
 126:bluetooth.c   **** {
 227              		.loc 1 126 0
 228              		.cfi_startproc
 229              		@ args = 0, pretend = 0, frame = 24
 230              		@ frame_needed = 0, uses_anonymous_args = 0
 231              	.LVL20:
 232 0000 F0B5     		push	{r4, r5, r6, r7, lr}
 233              		.cfi_def_cfa_offset 20
 234              		.cfi_offset 4, -20
 235              		.cfi_offset 5, -16
 236              		.cfi_offset 6, -12
 237              		.cfi_offset 7, -8
 238              		.cfi_offset 14, -4
 239 0002 87B0     		sub	sp, sp, #28
 240              		.cfi_def_cfa_offset 48
 241              	.LVL21:
 127:bluetooth.c   **** 	u8 a, c, x, y1, perm, next_channel;
 128:bluetooth.c   **** 	u16 d, y2;
 129:bluetooth.c   **** 	u32 base_f, f, f_dash;
 130:bluetooth.c   **** 
 131:bluetooth.c   **** 	clock &= 0xffffffff;
 132:bluetooth.c   **** 	/* Variable names used in Vol 2, Part B, Section 2.6 of the spec */
 133:bluetooth.c   **** 	x = (clock >> 2) & 0x1f;
 134:bluetooth.c   **** 	y1 = (clock >> 1) & 0x01;
 135:bluetooth.c   **** 	y2 = y1 << 5;
 136:bluetooth.c   **** 	a = (a1 ^ (clock >> 21)) & 0x1f;
 137:bluetooth.c   **** 	/* b is already defined */
 138:bluetooth.c   **** 	c = (c1 ^ (clock >> 16)) & 0x1f;
 139:bluetooth.c   **** 	d = (d1 ^ (clock >> 7)) & 0x1ff;
 140:bluetooth.c   **** 	/* e is already defined */
 141:bluetooth.c   **** 	base_f = (clock >> 3) & 0x1fffff0;
 242              		.loc 1 141 0
 243 0004 C0F3D804 		ubfx	r4, r0, #3, #25
 142:bluetooth.c   **** 	f = base_f % 79;
 244              		.loc 1 142 0
 245 0008 4F23     		movs	r3, #79
 141:bluetooth.c   **** 	f = base_f % 79;
 246              		.loc 1 141 0
ARM GAS  /var/folders/s6/4bph2j8d1nvcsgz5bgm0yhx00000gn/T//ccXpmCTN.s 			page 8


 247 000a 24F00F04 		bic	r4, r4, #15
 248              		.loc 1 142 0
 249 000e B4FBF3F2 		udiv	r2, r4, r3
 250 0012 03FB1242 		mls	r2, r3, r2, r4
 138:bluetooth.c   **** 	d = (d1 ^ (clock >> 7)) & 0x1ff;
 251              		.loc 1 138 0
 252 0016 404B     		ldr	r3, .L39
 134:bluetooth.c   **** 	y2 = y1 << 5;
 253              		.loc 1 134 0
 254 0018 C0F34006 		ubfx	r6, r0, #1, #1
 255              	.LVL22:
 138:bluetooth.c   **** 	d = (d1 ^ (clock >> 7)) & 0x1ff;
 256              		.loc 1 138 0
 257 001c 1B78     		ldrb	r3, [r3]	@ zero_extendqisi2
 135:bluetooth.c   **** 	a = (a1 ^ (clock >> 21)) & 0x1f;
 258              		.loc 1 135 0
 259 001e 7101     		lsls	r1, r6, #5
 138:bluetooth.c   **** 	d = (d1 ^ (clock >> 7)) & 0x1ff;
 260              		.loc 1 138 0
 261 0020 83EA1043 		eor	r3, r3, r0, lsr #16
 262 0024 03F01F03 		and	r3, r3, #31
 135:bluetooth.c   **** 	a = (a1 ^ (clock >> 21)) & 0x1f;
 263              		.loc 1 135 0
 264 0028 8DB2     		uxth	r5, r1
 265              	.LVL23:
 143:bluetooth.c   **** 
 144:bluetooth.c   **** 	perm = perm5(
 266              		.loc 1 144 0
 267 002a 891B     		subs	r1, r1, r6
 268 002c 5940     		eors	r1, r1, r3
 136:bluetooth.c   **** 	/* b is already defined */
 269              		.loc 1 136 0
 270 002e 3B4B     		ldr	r3, .L39+4
 271              	.LVL24:
 272              		.loc 1 144 0
 273 0030 3B4E     		ldr	r6, .L39+8
 274              	.LVL25:
 136:bluetooth.c   **** 	/* b is already defined */
 275              		.loc 1 136 0
 276 0032 1B78     		ldrb	r3, [r3]	@ zero_extendqisi2
 277              	.LVL26:
 278              		.loc 1 144 0
 279 0034 3678     		ldrb	r6, [r6]	@ zero_extendqisi2
 136:bluetooth.c   **** 	/* b is already defined */
 280              		.loc 1 136 0
 281 0036 83EA5053 		eor	r3, r3, r0, lsr #21
 282              		.loc 1 144 0
 283 003a 03EB9003 		add	r3, r3, r0, lsr #2
 284 003e 7340     		eors	r3, r3, r6
 139:bluetooth.c   **** 	/* e is already defined */
 285              		.loc 1 139 0
 286 0040 384E     		ldr	r6, .L39+12
 287              	.LVL27:
 288              		.loc 1 144 0
 289 0042 C9B2     		uxtb	r1, r1
 290              	.LVL28:
 139:bluetooth.c   **** 	/* e is already defined */
ARM GAS  /var/folders/s6/4bph2j8d1nvcsgz5bgm0yhx00000gn/T//ccXpmCTN.s 			page 9


 291              		.loc 1 139 0
 292 0044 3688     		ldrh	r6, [r6]
 293              	.LVL29:
 294              	.LBB8:
 295              	.LBB9:
  88:bluetooth.c   **** 	p_high &= 0x1f;
 296              		.loc 1 88 0
 297 0046 03F01F03 		and	r3, r3, #31
 298              	.LVL30:
 299              	.LBE9:
 300              	.LBE8:
 139:bluetooth.c   **** 	/* e is already defined */
 301              		.loc 1 139 0
 302 004a 86EAD010 		eor	r0, r6, r0, lsr #7
 303              	.LVL31:
 304              	.LBB11:
 305              	.LBB10:
  90:bluetooth.c   **** 
 306              		.loc 1 90 0
 307 004e C0F30800 		ubfx	r0, r0, #0, #9
 308              	.LVL32:
  98:bluetooth.c   **** 		p[i] = (p_low >> i) & 0x01;
 309              		.loc 1 98 0
 310 0052 0026     		movs	r6, #0
 311              	.LVL33:
 312              	.L21:
  99:bluetooth.c   **** 	for (i = 0; i < 5; i++)
 313              		.loc 1 99 0
 314 0054 40FA06FE 		asr	lr, r0, r6
 315 0058 02AF     		add	r7, sp, #8
 316 005a 0EF0010E 		and	lr, lr, #1
 317 005e 06F807E0 		strb	lr, [r6, r7]
  98:bluetooth.c   **** 		p[i] = (p_low >> i) & 0x01;
 318              		.loc 1 98 0
 319 0062 0136     		adds	r6, r6, #1
 320              	.LVL34:
 321 0064 092E     		cmp	r6, #9
 322 0066 F5D1     		bne	.L21
 323 0068 0020     		movs	r0, #0
 324              	.LVL35:
 325              	.L22:
 101:bluetooth.c   **** 
 326              		.loc 1 101 0
 327 006a 4EB2     		sxtb	r6, r1
 328 006c 07EB000E 		add	lr, r7, r0
 329 0070 0641     		asrs	r6, r6, r0
 100:bluetooth.c   **** 		p[i+9] = (p_high >> i) & 0x01;
 330              		.loc 1 100 0
 331 0072 0130     		adds	r0, r0, #1
 332              	.LVL36:
 101:bluetooth.c   **** 
 333              		.loc 1 101 0
 334 0074 06F00106 		and	r6, r6, #1
 100:bluetooth.c   **** 		p[i+9] = (p_high >> i) & 0x01;
 335              		.loc 1 100 0
 336 0078 0528     		cmp	r0, #5
 101:bluetooth.c   **** 
ARM GAS  /var/folders/s6/4bph2j8d1nvcsgz5bgm0yhx00000gn/T//ccXpmCTN.s 			page 10


 337              		.loc 1 101 0
 338 007a 8EF80960 		strb	r6, [lr, #9]
 100:bluetooth.c   **** 		p[i+9] = (p_high >> i) & 0x01;
 339              		.loc 1 100 0
 340 007e F4D1     		bne	.L22
 341 0080 0021     		movs	r1, #0
 342              	.LVL37:
 343              	.L23:
 105:bluetooth.c   **** 
 344              		.loc 1 105 0
 345 0082 43FA01F0 		asr	r0, r3, r1
 346 0086 00F00100 		and	r0, r0, #1
 347 008a 0DF80100 		strb	r0, [sp, r1]
 104:bluetooth.c   **** 		z_bit[i] = (z >> i) & 0x01;
 348              		.loc 1 104 0
 349 008e 0131     		adds	r1, r1, #1
 350              	.LVL38:
 351 0090 0529     		cmp	r1, #5
 352 0092 F6D1     		bne	.L23
 353 0094 0D21     		movs	r1, #13
 354              	.LVL39:
 355              	.L25:
 110:bluetooth.c   **** 			tmp = z_bit[index1[i]];
 356              		.loc 1 110 0
 357 0096 7B5C     		ldrb	r3, [r7, r1]	@ zero_extendqisi2
 358 0098 83B1     		cbz	r3, .L24
 111:bluetooth.c   **** 			z_bit[index1[i]] = z_bit[index2[i]];
 359              		.loc 1 111 0
 360 009a 234B     		ldr	r3, .L39+16
 361 009c 06AE     		add	r6, sp, #24
 362 009e C85C     		ldrb	r0, [r1, r3]	@ zero_extendqisi2
 112:bluetooth.c   **** 			z_bit[index2[i]] = tmp;
 363              		.loc 1 112 0
 364 00a0 0E33     		adds	r3, r3, #14
 365 00a2 CB5C     		ldrb	r3, [r1, r3]	@ zero_extendqisi2
 366 00a4 0DF1180E 		add	lr, sp, #24
 111:bluetooth.c   **** 			z_bit[index1[i]] = z_bit[index2[i]];
 367              		.loc 1 111 0
 368 00a8 3044     		add	r0, r0, r6
 112:bluetooth.c   **** 			z_bit[index2[i]] = tmp;
 369              		.loc 1 112 0
 370 00aa 7344     		add	r3, r3, lr
 111:bluetooth.c   **** 			z_bit[index1[i]] = z_bit[index2[i]];
 371              		.loc 1 111 0
 372 00ac 10F8186C 		ldrb	r6, [r0, #-24]	@ zero_extendqisi2
 373              	.LVL40:
 112:bluetooth.c   **** 			z_bit[index2[i]] = tmp;
 374              		.loc 1 112 0
 375 00b0 13F818EC 		ldrb	lr, [r3, #-24]	@ zero_extendqisi2
 376 00b4 00F818EC 		strb	lr, [r0, #-24]
 113:bluetooth.c   **** 		}
 377              		.loc 1 113 0
 378 00b8 03F8186C 		strb	r6, [r3, #-24]
 379              	.LVL41:
 380              	.L24:
 108:bluetooth.c   **** 		/* swap bits according to index arrays if control signal tells us to */
 381              		.loc 1 108 0
ARM GAS  /var/folders/s6/4bph2j8d1nvcsgz5bgm0yhx00000gn/T//ccXpmCTN.s 			page 11


 382 00bc 11F1FF31 		adds	r1, r1, #-1
 383              	.LVL42:
 384 00c0 E9D2     		bcs	.L25
 385 00c2 0023     		movs	r3, #0
 386 00c4 1946     		mov	r1, r3
 387              	.LVL43:
 388              	.L26:
 120:bluetooth.c   **** 
 389              		.loc 1 120 0
 390 00c6 1DF80100 		ldrb	r0, [sp, r1]	@ zero_extendqisi2
 391 00ca 8840     		lsls	r0, r0, r1
 119:bluetooth.c   **** 		output += z_bit[i] << i;
 392              		.loc 1 119 0
 393 00cc 0131     		adds	r1, r1, #1
 394              	.LVL44:
 120:bluetooth.c   **** 
 395              		.loc 1 120 0
 396 00ce 0344     		add	r3, r3, r0
 397              	.LVL45:
 119:bluetooth.c   **** 		output += z_bit[i] << i;
 398              		.loc 1 119 0
 399 00d0 0529     		cmp	r1, #5
 120:bluetooth.c   **** 
 400              		.loc 1 120 0
 401 00d2 DBB2     		uxtb	r3, r3
 402              	.LVL46:
 119:bluetooth.c   **** 		output += z_bit[i] << i;
 403              		.loc 1 119 0
 404 00d4 F7D1     		bne	.L26
 405              	.LBE10:
 406              	.LBE11:
 145:bluetooth.c   **** 		((x + a) % 32) ^ b,
 146:bluetooth.c   **** 		(y1 * 0x1f) ^ c,
 147:bluetooth.c   **** 		d);
 148:bluetooth.c   **** 	/* hop selection */
 149:bluetooth.c   **** 	next_channel = bank[(perm + e + f + y2) % NUM_BREDR_CHANNELS];
 407              		.loc 1 149 0
 408 00d6 1549     		ldr	r1, .L39+20
 409              	.LVL47:
 410 00d8 4F20     		movs	r0, #79
 411 00da 0978     		ldrb	r1, [r1]	@ zero_extendqisi2
 412 00dc 1944     		add	r1, r1, r3
 413 00de AB18     		adds	r3, r5, r2
 414              	.LVL48:
 415 00e0 0B44     		add	r3, r3, r1
 416 00e2 B3FBF0F2 		udiv	r2, r3, r0
 417              	.LVL49:
 418 00e6 00FB1233 		mls	r3, r0, r2, r3
 419 00ea 114A     		ldr	r2, .L39+24
 420 00ec D05C     		ldrb	r0, [r2, r3]	@ zero_extendqisi2
 421              	.LVL50:
 150:bluetooth.c   **** 	if(afh_enabled) {
 422              		.loc 1 150 0
 423 00ee 114B     		ldr	r3, .L39+28
 424 00f0 1B78     		ldrb	r3, [r3]	@ zero_extendqisi2
 425 00f2 6BB1     		cbz	r3, .L27
 151:bluetooth.c   **** 		f_dash = base_f % used_channels;
ARM GAS  /var/folders/s6/4bph2j8d1nvcsgz5bgm0yhx00000gn/T//ccXpmCTN.s 			page 12


 426              		.loc 1 151 0
 427 00f4 104B     		ldr	r3, .L39+32
 428 00f6 1B78     		ldrb	r3, [r3]	@ zero_extendqisi2
 429              	.LVL51:
 430 00f8 B4FBF3F2 		udiv	r2, r4, r3
 431 00fc 03FB1244 		mls	r4, r3, r2, r4
 432              	.LVL52:
 433 0100 2544     		add	r5, r5, r4
 434              	.LVL53:
 152:bluetooth.c   **** 		next_channel = afh_bank[(perm + e + f_dash + y2) % used_channels];
 435              		.loc 1 152 0
 436 0102 0D44     		add	r5, r5, r1
 437 0104 B5FBF3F4 		udiv	r4, r5, r3
 438 0108 03FB1455 		mls	r5, r3, r4, r5
 439 010c 0B4B     		ldr	r3, .L39+36
 440              	.LVL54:
 441 010e 585D     		ldrb	r0, [r3, r5]	@ zero_extendqisi2
 442              	.LVL55:
 443              	.L27:
 153:bluetooth.c   **** 	}
 154:bluetooth.c   **** 	return (2402 + next_channel);
 155:bluetooth.c   **** 
 156:bluetooth.c   **** }
 444              		.loc 1 156 0
 445 0110 00F66210 		addw	r0, r0, #2402
 446              	.LVL56:
 447 0114 07B0     		add	sp, sp, #28
 448              		.cfi_def_cfa_offset 20
 449              		@ sp needed
 450 0116 F0BD     		pop	{r4, r5, r6, r7, pc}
 451              	.L40:
 452              		.align	2
 453              	.L39:
 454 0118 00000000 		.word	c1
 455 011c 00000000 		.word	a1
 456 0120 00000000 		.word	b
 457 0124 00000000 		.word	d1
 458 0128 00000000 		.word	.LANCHOR0
 459 012c 00000000 		.word	e
 460 0130 00000000 		.word	bank
 461 0134 00000000 		.word	afh_enabled
 462 0138 00000000 		.word	used_channels
 463 013c 00000000 		.word	afh_bank
 464              		.cfi_endproc
 465              	.LFE3:
 467              		.section	.text.find_access_code,"ax",%progbits
 468              		.align	1
 469              		.global	find_access_code
 470              		.thumb
 471              		.thumb_func
 473              	find_access_code:
 474              	.LFB4:
 157:bluetooth.c   **** 
 158:bluetooth.c   **** int find_access_code(u8 *idle_rxbuf)
 159:bluetooth.c   **** {
 475              		.loc 1 159 0
 476              		.cfi_startproc
ARM GAS  /var/folders/s6/4bph2j8d1nvcsgz5bgm0yhx00000gn/T//ccXpmCTN.s 			page 13


 477              		@ args = 0, pretend = 0, frame = 0
 478              		@ frame_needed = 0, uses_anonymous_args = 0
 479              	.LVL57:
 480 0000 2DE9F04F 		push	{r4, r5, r6, r7, r8, r9, r10, fp, lr}
 481              		.cfi_def_cfa_offset 36
 482              		.cfi_offset 4, -36
 483              		.cfi_offset 5, -32
 484              		.cfi_offset 6, -28
 485              		.cfi_offset 7, -24
 486              		.cfi_offset 8, -20
 487              		.cfi_offset 9, -16
 488              		.cfi_offset 10, -12
 489              		.cfi_offset 11, -8
 490              		.cfi_offset 14, -4
 491              	.LVL58:
 160:bluetooth.c   **** 	/* Looks for an AC in the stream */
 161:bluetooth.c   **** 	u8 bit_errors, curr_buf;
 162:bluetooth.c   **** 	int i = 0, count = 0;
 163:bluetooth.c   **** 
 164:bluetooth.c   **** 	if (syncword == 0) {
 492              		.loc 1 164 0
 493 0004 2C4A     		ldr	r2, .L54
 494 0006 D2E90067 		ldrd	r6, [r2]
 495 000a 56EA0703 		orrs	r3, r6, r7
 496 000e 17D1     		bne	.L49
 497 0010 431E     		subs	r3, r0, #1
 498 0012 00F1070E 		add	lr, r0, #7
 499              	.LVL59:
 500              	.L43:
 165:bluetooth.c   **** 		for (; i<8; i++) {
 166:bluetooth.c   **** 			syncword <<= 8;
 501              		.loc 1 166 0 discriminator 2
 502 0016 92E84200 		ldmia	r2, {r1, r6}
 503 001a 3502     		lsls	r5, r6, #8
 504 001c 45EA1165 		orr	r5, r5, r1, lsr #24
 505 0020 0C02     		lsls	r4, r1, #8
 506 0022 C2E90045 		strd	r4, [r2]
 167:bluetooth.c   **** 			syncword = (syncword & 0xffffffffffffff00) | idle_rxbuf[i];
 507              		.loc 1 167 0 discriminator 2
 508 0026 13F8016F 		ldrb	r6, [r3, #1]!	@ zero_extendqisi2
 509 002a 0027     		movs	r7, #0
 510 002c 2643     		orrs	r6, r6, r4
 511 002e 2F43     		orrs	r7, r7, r5
 165:bluetooth.c   **** 		for (; i<8; i++) {
 512              		.loc 1 165 0 discriminator 2
 513 0030 7345     		cmp	r3, lr
 514              		.loc 1 167 0 discriminator 2
 515 0032 C2E90067 		strd	r6, [r2]
 165:bluetooth.c   **** 		for (; i<8; i++) {
 516              		.loc 1 165 0 discriminator 2
 517 0036 EED1     		bne	.L43
 168:bluetooth.c   **** 		}
 169:bluetooth.c   **** 		count = 64;
 518              		.loc 1 169 0
 519 0038 4023     		movs	r3, #64
 520 003a 4FF0080E 		mov	lr, #8
 521 003e 01E0     		b	.L42
ARM GAS  /var/folders/s6/4bph2j8d1nvcsgz5bgm0yhx00000gn/T//ccXpmCTN.s 			page 14


 522              	.LVL60:
 523              	.L49:
 162:bluetooth.c   **** 
 524              		.loc 1 162 0
 525 0040 0023     		movs	r3, #0
 526 0042 9E46     		mov	lr, r3
 527              	.LVL61:
 528              	.L42:
 170:bluetooth.c   **** 	}
 171:bluetooth.c   **** 	curr_buf = idle_rxbuf[i];
 172:bluetooth.c   **** 
 173:bluetooth.c   **** 	// Search until we're 64 symbols from the end of the buffer
 174:bluetooth.c   **** 	for(; count < ((8 * DMA_SIZE) - 64); count++)
 175:bluetooth.c   **** 	{
 176:bluetooth.c   **** 		bit_errors = count_bits(syncword ^ target.syncword);
 529              		.loc 1 176 0
 530 0044 1D4C     		ldr	r4, .L54+4
 171:bluetooth.c   **** 
 531              		.loc 1 171 0
 532 0046 10F80E10 		ldrb	r1, [r0, lr]	@ zero_extendqisi2
 533              	.LVL62:
 534              		.loc 1 176 0
 535 004a D4E902AB 		ldrd	r10, [r4, #8]
 536              	.L48:
 537 004e D2E90045 		ldrd	r4, [r2]
 538 0052 4FF0000C 		mov	ip, #0
 539 0056 84EA0A06 		eor	r6, r4, r10
 540 005a 85EA0B07 		eor	r7, r5, fp
 541              	.LVL63:
 542              	.L44:
 543              	.LBB14:
 544              	.LBB15:
  35:bluetooth.c   **** 		n &= n - 1;
 545              		.loc 1 35 0
 546 005e 56EA0709 		orrs	r9, r6, r7
 547 0062 5FFA8CF8 		uxtb	r8, ip
 548              	.LVL64:
 549 0066 0CF1010C 		add	ip, ip, #1
 550 006a 08D0     		beq	.L53
  36:bluetooth.c   **** 	return i;
 551              		.loc 1 36 0
 552 006c 16F1FF38 		adds	r8, r6, #-1
 553              	.LVL65:
 554 0070 47F1FF39 		adc	r9, r7, #-1
 555 0074 06EA0806 		and	r6, r6, r8
 556              	.LVL66:
 557 0078 07EA0907 		and	r7, r7, r9
 558              	.LVL67:
 559 007c EFE7     		b	.L44
 560              	.LVL68:
 561              	.L53:
 562              	.LBE15:
 563              	.LBE14:
 177:bluetooth.c   **** 
 178:bluetooth.c   **** 		if (bit_errors < MAX_SYNCWORD_ERRS)
 564              		.loc 1 178 0
 565 007e B8F1040F 		cmp	r8, #4
ARM GAS  /var/folders/s6/4bph2j8d1nvcsgz5bgm0yhx00000gn/T//ccXpmCTN.s 			page 15


 566 0082 16D9     		bls	.L50
 179:bluetooth.c   **** 			return count;
 180:bluetooth.c   **** 
 181:bluetooth.c   **** 		if (count%8 == 0)
 567              		.loc 1 181 0
 568 0084 5E07     		lsls	r6, r3, #29
 569              	.LVL69:
 182:bluetooth.c   **** 			curr_buf = idle_rxbuf[++i];
 570              		.loc 1 182 0
 571 0086 04BF     		itt	eq
 572 0088 0EF1010E 		addeq	lr, lr, #1
 573              	.LVL70:
 574 008c 10F80E10 		ldrbeq	r1, [r0, lr]	@ zero_extendqisi2
 575              	.LVL71:
 174:bluetooth.c   **** 	{
 576              		.loc 1 174 0
 577 0090 0133     		adds	r3, r3, #1
 578              	.LVL72:
 183:bluetooth.c   **** 
 184:bluetooth.c   **** 		syncword <<= 1;
 579              		.loc 1 184 0
 580 0092 2419     		adds	r4, r4, r4
 185:bluetooth.c   **** 		syncword = (syncword & 0xfffffffffffffffe) | ((curr_buf & 0x80) >> 7);
 581              		.loc 1 185 0
 582 0094 4FEAD116 		lsr	r6, r1, #7
 184:bluetooth.c   **** 		syncword = (syncword & 0xfffffffffffffffe) | ((curr_buf & 0x80) >> 7);
 583              		.loc 1 184 0
 584 0098 6D41     		adcs	r5, r5, r5
 585              		.loc 1 185 0
 586 009a 3443     		orrs	r4, r4, r6
 186:bluetooth.c   **** 		curr_buf <<= 1;
 587              		.loc 1 186 0
 588 009c 4900     		lsls	r1, r1, #1
 589              	.LVL73:
 174:bluetooth.c   **** 	{
 590              		.loc 1 174 0
 591 009e B3F5A87F 		cmp	r3, #336
 185:bluetooth.c   **** 		curr_buf <<= 1;
 592              		.loc 1 185 0
 593 00a2 C2E90045 		strd	r4, [r2]
 594              		.loc 1 186 0
 595 00a6 C9B2     		uxtb	r1, r1
 596              	.LVL74:
 174:bluetooth.c   **** 	{
 597              		.loc 1 174 0
 598 00a8 D1D1     		bne	.L48
 187:bluetooth.c   **** 	}
 188:bluetooth.c   **** 	return -1;
 599              		.loc 1 188 0
 600 00aa 4FF0FF30 		mov	r0, #-1
 601              	.LVL75:
 602 00ae BDE8F08F 		pop	{r4, r5, r6, r7, r8, r9, r10, fp, pc}
 603              	.LVL76:
 604              	.L50:
 605 00b2 1846     		mov	r0, r3
 606              	.LVL77:
 189:bluetooth.c   **** }
ARM GAS  /var/folders/s6/4bph2j8d1nvcsgz5bgm0yhx00000gn/T//ccXpmCTN.s 			page 16


 607              		.loc 1 189 0
 608 00b4 BDE8F08F 		pop	{r4, r5, r6, r7, r8, r9, r10, fp, pc}
 609              	.LVL78:
 610              	.L55:
 611              		.align	2
 612              	.L54:
 613 00b8 00000000 		.word	syncword
 614 00bc 00000000 		.word	target
 615              		.cfi_endproc
 616              	.LFE4:
 618              		.comm	afh_bank,79,1
 619              		.comm	bank,79,1
 620              		.comm	d1,2,2
 621              		.comm	e,1,1
 622              		.comm	c1,1,1
 623              		.comm	b,1,1
 624              		.comm	a1,1,1
 625              		.comm	used_channels,1,1
 626              		.comm	afh_map,10,1
 627              		.comm	afh_enabled,1,1
 628              		.comm	syncword,8,8
 629              		.comm	target,16,8
 630              		.section	.rodata
 631              		.set	.LANCHOR0,. + 0
 634              	index1.3940:
 635 0000 00       		.byte	0
 636 0001 02       		.byte	2
 637 0002 01       		.byte	1
 638 0003 03       		.byte	3
 639 0004 00       		.byte	0
 640 0005 01       		.byte	1
 641 0006 00       		.byte	0
 642 0007 03       		.byte	3
 643 0008 01       		.byte	1
 644 0009 00       		.byte	0
 645 000a 02       		.byte	2
 646 000b 01       		.byte	1
 647 000c 00       		.byte	0
 648 000d 01       		.byte	1
 651              	index2.3941:
 652 000e 01       		.byte	1
 653 000f 03       		.byte	3
 654 0010 02       		.byte	2
 655 0011 04       		.byte	4
 656 0012 04       		.byte	4
 657 0013 03       		.byte	3
 658 0014 02       		.byte	2
 659 0015 04       		.byte	4
 660 0016 04       		.byte	4
 661 0017 03       		.byte	3
 662 0018 04       		.byte	4
 663 0019 03       		.byte	3
 664 001a 03       		.byte	3
 665 001b 02       		.byte	2
 666              		.text
 667              	.Letext0:
 668              		.file 2 "/Users/ahesham/research/Bluetooth/boss/uberCode/gcc-arm-none-eabi/lib/gcc/arm-none-eabi/4
ARM GAS  /var/folders/s6/4bph2j8d1nvcsgz5bgm0yhx00000gn/T//ccXpmCTN.s 			page 17


 669              		.file 3 "../../host/libubertooth/src/ubertooth_interface.h"
 670              		.file 4 "bluetooth.h"
ARM GAS  /var/folders/s6/4bph2j8d1nvcsgz5bgm0yhx00000gn/T//ccXpmCTN.s 			page 18


DEFINED SYMBOLS
                            *ABS*:0000000000000000 bluetooth.c
/var/folders/s6/4bph2j8d1nvcsgz5bgm0yhx00000gn/T//ccXpmCTN.s:19     .text.precalc:0000000000000000 $t
/var/folders/s6/4bph2j8d1nvcsgz5bgm0yhx00000gn/T//ccXpmCTN.s:24     .text.precalc:0000000000000000 precalc
/var/folders/s6/4bph2j8d1nvcsgz5bgm0yhx00000gn/T//ccXpmCTN.s:205    .text.precalc:0000000000000114 $d
                            *COM*:0000000000000010 target
                            *COM*:0000000000000008 syncword
                            *COM*:000000000000004f bank
                            *COM*:0000000000000001 a1
                            *COM*:0000000000000001 b
                            *COM*:0000000000000001 c1
                            *COM*:0000000000000002 d1
                            *COM*:0000000000000001 e
                            *COM*:0000000000000001 afh_enabled
                            *COM*:000000000000000a afh_map
                            *COM*:0000000000000001 used_channels
/var/folders/s6/4bph2j8d1nvcsgz5bgm0yhx00000gn/T//ccXpmCTN.s:220    .text.next_hop:0000000000000000 $t
/var/folders/s6/4bph2j8d1nvcsgz5bgm0yhx00000gn/T//ccXpmCTN.s:225    .text.next_hop:0000000000000000 next_hop
/var/folders/s6/4bph2j8d1nvcsgz5bgm0yhx00000gn/T//ccXpmCTN.s:454    .text.next_hop:0000000000000118 $d
                            *COM*:000000000000004f afh_bank
/var/folders/s6/4bph2j8d1nvcsgz5bgm0yhx00000gn/T//ccXpmCTN.s:468    .text.find_access_code:0000000000000000 $t
/var/folders/s6/4bph2j8d1nvcsgz5bgm0yhx00000gn/T//ccXpmCTN.s:473    .text.find_access_code:0000000000000000 find_access_code
/var/folders/s6/4bph2j8d1nvcsgz5bgm0yhx00000gn/T//ccXpmCTN.s:613    .text.find_access_code:00000000000000b8 $d
/var/folders/s6/4bph2j8d1nvcsgz5bgm0yhx00000gn/T//ccXpmCTN.s:634    .rodata:0000000000000000 index1.3940
/var/folders/s6/4bph2j8d1nvcsgz5bgm0yhx00000gn/T//ccXpmCTN.s:651    .rodata:000000000000000e index2.3941
                     .debug_frame:0000000000000010 $d

NO UNDEFINED SYMBOLS
